[2025-09-24 12:06:29] 开始核心转储安全监控检查
[2025-09-24 12:06:29] 开始检查fs.suid_dumpable配置...
[2025-09-24 12:06:29] fs.suid_dumpable配置正常: 0
[2025-09-24 12:06:29] 开始检查sysctl.conf配置...
[2025-09-24 12:06:29] sysctl.conf配置正常
[2025-09-24 12:06:29] 开始扫描核心转储文件...
[2025-09-24 12:06:29] ALERT: 在 /tmp 发现核心转储文件: /tmp/core_dump_security_backup.txt
[2025-09-24 12:06:29] ALERT: 在 /root 发现核心转储文件: /root/.dotnet/corefx
/root/.vscode-server/cli/servers/Stable-6f17636121051a53c88d3e605c491d22af2ba755/server/node_modules/undici/lib/core
[2025-09-24 12:06:29] ALERT: 总共发现 2 个位置存在核心转储文件
[2025-09-24 12:06:29] 开始检查ulimit设置...
[2025-09-24 12:06:29] 当前ulimit -c设置: 0
[2025-09-24 12:06:29] 开始检查apport配置...
[2025-09-24 12:06:29] apport服务正在运行
[2025-09-24 12:06:29] apport启用状态: 1
[2025-09-24 12:06:29] 开始检查核心转储模式...
[2025-09-24 12:06:29] 当前核心转储模式: |/usr/share/apport/apport -p%p -s%s -c%c -d%d -P%P -u%u -g%g -F%F -- %E
[2025-09-24 12:06:29] 核心转储处理程序存在: /usr/share/apport/apport
[2025-09-24 12:06:29] 核心转储安全监控检查完成
[2025-09-24 12:08:18] 开始核心转储安全监控检查
[2025-09-24 12:08:18] 开始检查fs.suid_dumpable配置...
[2025-09-24 12:08:18] fs.suid_dumpable配置正常: 0
[2025-09-24 12:08:18] 开始检查sysctl.conf配置...
[2025-09-24 12:08:18] sysctl.conf配置正常
[2025-09-24 12:08:18] 开始扫描核心转储文件...
[2025-09-24 12:08:18] 未发现核心转储文件
[2025-09-24 12:08:18] 开始检查ulimit设置...
[2025-09-24 12:08:18] 当前ulimit -c设置: 0
[2025-09-24 12:08:18] 开始检查apport配置...
[2025-09-24 12:08:18] apport服务正在运行
[2025-09-24 12:08:18] apport启用状态: 1
[2025-09-24 12:08:18] 开始检查核心转储模式...
[2025-09-24 12:08:18] 当前核心转储模式: |/usr/share/apport/apport -p%p -s%s -c%c -d%d -P%P -u%u -g%g -F%F -- %E
[2025-09-24 12:08:18] 核心转储处理程序存在: /usr/share/apport/apport
[2025-09-24 12:08:18] 核心转储安全监控检查完成
[2025-09-25 04:00:01] 开始核心转储安全监控检查
[2025-09-25 04:00:01] 开始检查fs.suid_dumpable配置...
[2025-09-25 04:00:01] fs.suid_dumpable配置正常: 0
[2025-09-25 04:00:01] 开始检查sysctl.conf配置...
[2025-09-25 04:00:01] sysctl.conf配置正常
[2025-09-25 04:00:01] 开始扫描核心转储文件...
[2025-09-25 04:00:01] 未发现核心转储文件
[2025-09-25 04:00:01] 开始检查ulimit设置...
[2025-09-25 04:00:01] 当前ulimit -c设置: 0
[2025-09-25 04:00:01] 开始检查apport配置...
[2025-09-25 04:00:01] apport服务正在运行
[2025-09-25 04:00:01] apport启用状态: 1
[2025-09-25 04:00:01] 开始检查核心转储模式...
[2025-09-25 04:00:01] 当前核心转储模式: |/usr/share/apport/apport -p%p -s%s -c%c -d%d -P%P -u%u -g%g -F%F -- %E
[2025-09-25 04:00:01] 核心转储处理程序存在: /usr/share/apport/apport
[2025-09-25 04:00:01] 核心转储安全监控检查完成
