[2025-09-24 11:56:32] 开始sudo安全监控检查
[2025-09-24 11:56:32] 开始检查NOPASSWD配置...
[2025-09-24 11:56:32] ALERT: 在sudoers.d目录中发现活跃的NOPASSWD配置: /etc/sudoers.d/90-cloud-init-users:# SECURITY: NOPASSWD removed for security hardening - $(date)
/etc/sudoers.d/90-cloud-init-users:# Original: root ALL=(ALL) NOPASSWD:ALL
/etc/sudoers.d/90-cloud-init-users:# root ALL=(ALL) NOPASSWD:ALL
[2025-09-24 11:56:32] NOPASSWD配置检查完成
[2025-09-24 11:56:32] 开始检查sudo配置文件权限...
[2025-09-24 11:56:32] sudo配置文件权限检查完成
[2025-09-24 11:56:32] 开始检查sudo配置语法...
[2025-09-24 11:56:32] sudo配置语法正常
[2025-09-24 11:56:32] 开始分析sudo使用情况...
[2025-09-24 11:56:32] 开始检查sudo配置变化...
[2025-09-24 11:56:32] 发现备份文件: /etc/sudoers.d/90-cloud-init-users.backup
[2025-09-24 11:56:32] sudo安全监控检查完成
[2025-09-24 11:57:23] 开始sudo安全监控检查
[2025-09-24 11:57:23] 开始检查NOPASSWD配置...
[2025-09-24 11:57:23] ALERT: 在sudoers.d目录中发现活跃的NOPASSWD配置: /etc/sudoers.d/90-cloud-init-users:# root ALL=(ALL) NOPASSWD:ALL
[2025-09-24 11:57:23] NOPASSWD配置检查完成
[2025-09-24 11:57:23] 开始检查sudo配置文件权限...
[2025-09-24 11:57:23] sudo配置文件权限检查完成
[2025-09-24 11:57:23] 开始检查sudo配置语法...
[2025-09-24 11:57:23] sudo配置语法正常
[2025-09-24 11:57:23] 开始分析sudo使用情况...
[2025-09-24 11:57:23] 开始检查sudo配置变化...
[2025-09-24 11:57:23] 发现备份文件: /etc/sudoers.d/90-cloud-init-users.backup
[2025-09-24 11:57:23] sudo安全监控检查完成
[2025-09-24 11:58:05] 开始sudo安全监控检查
[2025-09-24 11:58:05] 开始检查NOPASSWD配置...
[2025-09-24 11:58:05] 未发现活跃的NOPASSWD配置
[2025-09-24 11:58:05] NOPASSWD配置检查完成
[2025-09-24 11:58:05] 开始检查sudo配置文件权限...
[2025-09-24 11:58:05] sudo配置文件权限检查完成
[2025-09-24 11:58:05] 开始检查sudo配置语法...
[2025-09-24 11:58:05] sudo配置语法正常
[2025-09-24 11:58:05] 开始分析sudo使用情况...
[2025-09-24 11:58:05] 开始检查sudo配置变化...
[2025-09-24 11:58:05] 发现备份文件: /etc/sudoers.d/90-cloud-init-users.backup
[2025-09-24 11:58:05] sudo安全监控检查完成
[2025-09-25 03:00:01] 开始sudo安全监控检查
[2025-09-25 03:00:01] 开始检查NOPASSWD配置...
[2025-09-25 03:00:01] 未发现活跃的NOPASSWD配置
[2025-09-25 03:00:01] NOPASSWD配置检查完成
[2025-09-25 03:00:01] 开始检查sudo配置文件权限...
[2025-09-25 03:00:01] sudo配置文件权限检查完成
[2025-09-25 03:00:01] 开始检查sudo配置语法...
[2025-09-25 03:00:01] sudo配置语法正常
[2025-09-25 03:00:01] 开始分析sudo使用情况...
[2025-09-25 03:00:01] 开始检查sudo配置变化...
[2025-09-25 03:00:01] 发现备份文件: /etc/sudoers.d/90-cloud-init-users.backup
[2025-09-25 03:00:01] sudo安全监控检查完成
